#
# There is insufficient memory for the Java Runtime Environment to continue.
# Native memory allocation (mmap) failed to map 130023424 bytes for G1 virtual space
# Possible reasons:
#   The system is out of physical RAM or swap space
#   The process is running with CompressedOops enabled, and the Java Heap may be blocking the growth of the native heap
# Possible solutions:
#   Reduce memory load on the system
#   Increase physical memory or swap space
#   Check if swap backing store is full
#   Decrease Java heap size (-Xmx/-Xms)
#   Decrease number of Java threads
#   Decrease Java thread stack sizes (-Xss)
#   Set larger code cache with -XX:ReservedCodeCacheSize=
#   JVM is running with Unscaled Compressed Oops mode in which the Java heap is
#     placed in the first 4GB address space. The Java Heap base address is the
#     maximum limit for the native heap growth. Please use -XX:HeapBaseMinAddress
#     to set the Java Heap base and to place the Java Heap above 4GB virtual address.
# This output file may be truncated or incomplete.
#
#  Out of Memory Error (os_windows.cpp:3600), pid=14528, tid=6836
#
# JRE version:  (21.0+35) (build )
# Java VM: Java HotSpot(TM) 64-Bit Server VM (21+35-LTS-2513, mixed mode, sharing, tiered, compressed oops, compressed class ptrs, g1 gc, windows-amd64)
# No core dump will be written. Minidumps are not enabled by default on client versions of Windows
#

---------------  S U M M A R Y ------------

Command Line: -javaagent:C:\Users\Beqisoft\AppData\Local\JetBrains\IdeaIC2025.1\captureAgent\debugger-agent.jar=file:///C:/Users/Beqisoft/AppData/Local/Temp/capture10605793927887242573.props -ea -Didea.test.cyclic.buffer.size=1048576 -javaagent:C:\Program Files\JetBrains\IntelliJ IDEA Community Edition 2024.3.4.1\lib\idea_rt.jar=58813 -Dkotlinx.coroutines.debug.enable.creation.stack.trace=false -Ddebugger.agent.enable.coroutines=true -Dkotlinx.coroutines.debug.enable.flows.stack.trace=true -Dkotlinx.coroutines.debug.enable.mutable.state.flows.stack.trace=true -Dfile.encoding=UTF-8 -Dsun.stdout.encoding=UTF-8 -Dsun.stderr.encoding=UTF-8 com.intellij.rt.testng.RemoteTestNGStarter -usedefaultlisteners false -socket58812 @w@C:\Users\Beqisoft\AppData\Local\Temp\idea_working_dirs_testng.tmp -temp C:\Users\Beqisoft\AppData\Local\Temp\idea_testng.tmp

Host: 11th Gen Intel(R) Core(TM) i5-1135G7 @ 2.40GHz, 8 cores, 7G,  Windows 11 , 64 bit Build 26100 (10.0.26100.7705)
Time: Wed Mar  4 10:07:07 2026 India Standard Time elapsed time: 1.739763 seconds (0d 0h 0m 1s)

---------------  T H R E A D  ---------------

Current thread (0x0000026f8858d320):  JavaThread "Unknown thread" [_thread_in_vm, id=6836, stack(0x000000b43a400000,0x000000b43a500000) (1024K)]

Stack: [0x000000b43a400000,0x000000b43a500000]
Native frames: (J=compiled Java code, j=interpreted, Vv=VM code, C=native code)
V  [jvm.dll+0x6c8d39]
V  [jvm.dll+0x854091]
V  [jvm.dll+0x85630e]
V  [jvm.dll+0x8569e3]
V  [jvm.dll+0x2809a6]
V  [jvm.dll+0x6c5425]
V  [jvm.dll+0x6b9e1a]
V  [jvm.dll+0x3555ba]
V  [jvm.dll+0x35d206]
V  [jvm.dll+0x3adf6e]
V  [jvm.dll+0x3ae218]
V  [jvm.dll+0x328fcc]
V  [jvm.dll+0x329b5b]
V  [jvm.dll+0x81c699]
V  [jvm.dll+0x3bb2a1]
V  [jvm.dll+0x805688]
V  [jvm.dll+0x44ed9e]
V  [jvm.dll+0x4506a1]
C  [jli.dll+0x52a3]
C  [ucrtbase.dll+0x37b0]
C  [KERNEL32.DLL+0x2e8d7]
C  [ntdll.dll+0x8c40c]


---------------  P R O C E S S  ---------------

Threads class SMR info:
_java_thread_list=0x00007ffface37b48, length=0, elements={
}

Java Threads: ( => current thread )
Total: 0

Other Threads:
  0x0000026f8a8fdeb0 WorkerThread "GC Thread#0"                     [id=13020, stack(0x000000b43a500000,0x000000b43a600000) (1024K)]
  0x0000026f8a92b4d0 ConcurrentGCThread "G1 Main Marker"            [id=13336, stack(0x000000b43a600000,0x000000b43a700000) (1024K)]
  0x0000026f8a92bee0 WorkerThread "G1 Conc#0"                       [id=11796, stack(0x000000b43a700000,0x000000b43a800000) (1024K)]

[error occurred during error reporting (printing all threads), id 0xc0000005, EXCEPTION_ACCESS_VIOLATION (0xc0000005) at pc=0x00007fffac5ac097]
VM state: not at safepoint (not fully initialized)

VM Mutex/Monitor currently owned by a thread:  ([mutex/lock_event])
[0x00007fffacea8648] Heap_lock - owner thread: 0x0000026f8858d320

Heap address: 0x0000000084e00000, size: 1970 MB, Compressed Oops mode: 32-bit

CDS archive(s) mapped at: [0x0000000000000000-0x0000000000000000-0x0000000000000000), size 0, SharedBaseAddress: 0x0000000800000000, ArchiveRelocationMode: 1.
Narrow klass base: 0x0000000000000000, Narrow klass shift: 0, Narrow klass range: 0x0

GC Precious Log:
 CardTable entry size: 512
 Card Set container configuration: InlinePtr #cards 5 size 8 Array Of Cards #cards 12 size 40 Howl #buckets 4 coarsen threshold 1843 Howl Bitmap #cards 512 size 80 coarsen threshold 460 Card regions per heap region 1 cards per card region 2048

Heap:
 garbage-first heap   total 0K, used 0K [0x0000000084e00000, 0x0000000100000000)
  region size 1024K, 0 young (0K), 0 survivors (0K)

[error occurred during error reporting (printing heap information), id 0xc0000005, EXCEPTION_ACCESS_VIOLATION (0xc0000005) at pc=0x00007fffac991939]
GC Heap History (0 events):
No events

Dll operation events (2 events):
Event: 0.646 Loaded shared library C:\Program Files\Java\jdk-21\bin\java.dll
Event: 0.649 Loaded shared library C:\Program Files\Java\jdk-21\bin\zip.dll

Deoptimization events (0 events):
No events

Classes loaded (0 events):
No events

Classes unloaded (0 events):
No events

Classes redefined (0 events):
No events

Internal exceptions (0 events):
No events

ZGC Phase Switch (0 events):
No events

VM Operations (0 events):
No events

Events (0 events):
No events


Dynamic libraries:
0x00007ff6f09e0000 - 0x00007ff6f09f0000 	C:\Program Files\Java\jdk-21\bin\java.exe
0x00007ff890380000 - 0x00007ff8905e8000 	C:\WINDOWS\SYSTEM32\ntdll.dll
0x00007ff88f1c0000 - 0x00007ff88f289000 	C:\WINDOWS\System32\KERNEL32.DLL
0x00007ff88cde0000 - 0x00007ff88d1d1000 	C:\WINDOWS\System32\KERNELBASE.dll
0x00007ff88d1e0000 - 0x00007ff88d32b000 	C:\WINDOWS\System32\ucrtbase.dll
0x00007ff86b150000 - 0x00007ff86b169000 	C:\Program Files\Java\jdk-21\bin\jli.dll
0x00007ff86b730000 - 0x00007ff86b74b000 	C:\Program Files\Java\jdk-21\bin\VCRUNTIME140.dll
0x00007ff88e590000 - 0x00007ff88e644000 	C:\WINDOWS\System32\ADVAPI32.dll
0x00007ff88e3e0000 - 0x00007ff88e489000 	C:\WINDOWS\System32\msvcrt.dll
0x00007ff88f420000 - 0x00007ff88f4c6000 	C:\WINDOWS\System32\sechost.dll
0x00007ff88e2b0000 - 0x00007ff88e3c8000 	C:\WINDOWS\System32\RPCRT4.dll
0x00007ff88f7d0000 - 0x00007ff88f996000 	C:\WINDOWS\System32\USER32.dll
0x00007ff88d330000 - 0x00007ff88d357000 	C:\WINDOWS\System32\win32u.dll
0x00007ff863c60000 - 0x00007ff863ef3000 	C:\WINDOWS\WinSxS\amd64_microsoft.windows.common-controls_6595b64144ccf1df_6.0.26100.7824_none_3e0870b2e3345462\COMCTL32.dll
0x00007ff88f370000 - 0x00007ff88f39b000 	C:\WINDOWS\System32\GDI32.dll
0x00007ff88d4d0000 - 0x00007ff88d5fb000 	C:\WINDOWS\System32\gdi32full.dll
0x00007ff88d420000 - 0x00007ff88d4c3000 	C:\WINDOWS\System32\msvcp_win.dll
0x00007ff87bfe0000 - 0x00007ff87bfeb000 	C:\WINDOWS\SYSTEM32\VERSION.dll
0x00007ff88f710000 - 0x00007ff88f741000 	C:\WINDOWS\System32\IMM32.DLL
0x00007ff86b670000 - 0x00007ff86b67c000 	C:\Program Files\Java\jdk-21\bin\vcruntime140_1.dll
0x00007ff84e8f0000 - 0x00007ff84e97e000 	C:\Program Files\Java\jdk-21\bin\msvcp140.dll
0x00007fffac270000 - 0x00007fffacf83000 	C:\Program Files\Java\jdk-21\bin\server\jvm.dll
0x00007ff88f3a0000 - 0x00007ff88f414000 	C:\WINDOWS\System32\WS2_32.dll
0x00007ff88cae0000 - 0x00007ff88cb3e000 	C:\WINDOWS\SYSTEM32\POWRPROF.dll
0x00007ff882970000 - 0x00007ff8829a5000 	C:\WINDOWS\SYSTEM32\WINMM.dll
0x00007ff88cac0000 - 0x00007ff88cad4000 	C:\WINDOWS\SYSTEM32\UMPDC.dll
0x00007ff88b9c0000 - 0x00007ff88b9db000 	C:\WINDOWS\SYSTEM32\kernel.appcore.dll
0x00007ff86b5f0000 - 0x00007ff86b5fa000 	C:\Program Files\Java\jdk-21\bin\jimage.dll
0x00007ff88ac70000 - 0x00007ff88aeb2000 	C:\WINDOWS\SYSTEM32\DBGHELP.DLL
0x00007ff88e650000 - 0x00007ff88e9d6000 	C:\WINDOWS\System32\combase.dll
0x00007ff88f290000 - 0x00007ff88f367000 	C:\WINDOWS\System32\OLEAUT32.dll
0x00007ff8688f0000 - 0x00007ff86892b000 	C:\WINDOWS\SYSTEM32\dbgcore.DLL
0x00007ff88d600000 - 0x00007ff88d6a5000 	C:\WINDOWS\System32\bcryptPrimitives.dll
0x00007ff86ae40000 - 0x00007ff86ae4f000 	C:\Program Files\Java\jdk-21\bin\instrument.dll
0x00007ff86b130000 - 0x00007ff86b14f000 	C:\Program Files\Java\jdk-21\bin\java.dll
0x00007ff86b000000 - 0x00007ff86b018000 	C:\Program Files\Java\jdk-21\bin\zip.dll

dbghelp: loaded successfully - version: 4.0.5 - missing functions: none
symbol engine: initialized successfully - sym options: 0x614 - pdb path: .;C:\Program Files\Java\jdk-21\bin;C:\WINDOWS\SYSTEM32;C:\WINDOWS\WinSxS\amd64_microsoft.windows.common-controls_6595b64144ccf1df_6.0.26100.7824_none_3e0870b2e3345462;C:\Program Files\Java\jdk-21\bin\server

VM Arguments:
jvm_args: -javaagent:C:\Users\Beqisoft\AppData\Local\JetBrains\IdeaIC2025.1\captureAgent\debugger-agent.jar=file:///C:/Users/Beqisoft/AppData/Local/Temp/capture10605793927887242573.props -ea -Didea.test.cyclic.buffer.size=1048576 -javaagent:C:\Program Files\JetBrains\IntelliJ IDEA Community Edition 2024.3.4.1\lib\idea_rt.jar=58813 -Dkotlinx.coroutines.debug.enable.creation.stack.trace=false -Ddebugger.agent.enable.coroutines=true -Dkotlinx.coroutines.debug.enable.flows.stack.trace=true -Dkotlinx.coroutines.debug.enable.mutable.state.flows.stack.trace=true -Dfile.encoding=UTF-8 -Dsun.stdout.encoding=UTF-8 -Dsun.stderr.encoding=UTF-8 
java_command: com.intellij.rt.testng.RemoteTestNGStarter -usedefaultlisteners false -socket58812 @w@C:\Users\Beqisoft\AppData\Local\Temp\idea_working_dirs_testng.tmp -temp C:\Users\Beqisoft\AppData\Local\Temp\idea_testng.tmp
java_class_path (initial): C:\Program Files\JetBrains\IntelliJ IDEA Community Edition 2024.3.4.1\lib\idea_rt.jar;C:\Program Files\JetBrains\IntelliJ IDEA Community Edition 2024.3.4.1\plugins\testng\lib\testng-rt.jar;C:\Users\Beqisoft\Automation_LA\APIAutomationFramworkATB11x\target\test-classes;C:\Users\Beqisoft\Automation_LA\APIAutomationFramworkATB11x\target\classes;C:\Users\Beqisoft\.m2\repository\io\rest-assured\rest-assured\5.5.1\rest-assured-5.5.1.jar;C:\Users\Beqisoft\.m2\repository\org\apache\groovy\groovy\4.0.22\groovy-4.0.22.jar;C:\Users\Beqisoft\.m2\repository\org\apache\groovy\groovy-xml\4.0.22\groovy-xml-4.0.22.jar;C:\Users\Beqisoft\.m2\repository\org\apache\httpcomponents\httpclient\4.5.13\httpclient-4.5.13.jar;C:\Users\Beqisoft\.m2\repository\org\apache\httpcomponents\httpcore\4.4.13\httpcore-4.4.13.jar;C:\Users\Beqisoft\.m2\repository\commons-logging\commons-logging\1.2\commons-logging-1.2.jar;C:\Users\Beqisoft\.m2\repository\org\apache\httpcomponents\httpmime\4.5.13\httpmime-4.5.13.jar;C:\Users\Beqisoft\.m2\repository\org\hamcrest\hamcrest\2.2\hamcrest-2.2.jar;C:\Users\Beqisoft\.m2\repository\org\ccil\cowan\tagsoup\tagsoup\1.2.1\tagsoup-1.2.1.jar;C:\Users\Beqisoft\.m2\repository\io\rest-assured\json-path\5.5.1\json-path-5.5.1.jar;C:\Users\Beqisoft\.m2\repository\org\apache\groovy\groovy-json\4.0.22\groovy-json-4.0.22.jar;C:\Users\Beqisoft\.m2\repository\io\rest-assured\rest-assured-common\5.5.1\rest-assured-common-5.5.1.jar;C:\Users\Beqisoft\.m2\repository\io\rest-assured\xml-path\5.5.1\xml-path-5.5.1.jar;C:\Users\Beqisoft\.m2\repository\org\testng\testng\7.10.2\testng-7.10.2.jar;C:\Users\Beqisoft\.m2\repository\org\slf4j\slf4j-api\1.7.36\slf4j-api-1.7.36.jar;C:\Users\Beqisoft\.m2\repository\com\beust\jcommander\1.82\jcommander-1.82.jar;C:\Users\Beqisoft\.m2\repository\org\webjars\jquery\3.7.1\jquery-3.7.1.jar;C:\Users\Beqisoft\.m2\repository\io\qameta\allure\allure-testng\2.27.0\allure-testng-2.27.0.jar;C:\Users\Beqisoft\.m2\repository\io\qameta\allure\allure-java-commons\2.27.0\allure-java-commons-2.27.0.jar;C:\Users\Beqisoft\.m2\repository\io\qameta\allure\allure-model\2.27.0\allure-model-2.27.0.jar;C:\Users\Beqisoft\.m2\repository\io\qameta\allure\allure-test-filter\2.27.0\allure-test-filter-2.27.0.jar;C:\Users\Beqisoft\.m2\repository\org\assertj\assertj-core\3.25.1\assertj-core-3.25.1.jar;C:\Users\Beqisoft\.m2\repository\net\bytebuddy\byte-buddy\1.14.11\byte-buddy-1.14.11.jar;C:\Users\Beqisoft\.m2\repository\com\google\code\gson\gson\2.11.0\gson-2.11.0.jar;C:\Users\Beqisoft\.m2\repository\com\google\errorprone\error_prone_annotations\2.27.0\error_prone_annotations-2.27.0.jar;C:\Users\Beqisoft\.m2\repository\io\rest-assured\json-schema-validator\5.4.0\json-schema-validator-5.4.0.jar;C:\Users\Beqisoft\.m2\repository\com\github\java-json-tools\json-schema-validator\2.2.14\json-schema-validator-2.2.14.jar;C:\Users\Beqisoft\.m2\repository\com\github\java-json-tools\jackson-coreutils-equivalence\1.0\jackson-coreutils-equivalence-1.0.jar;C:\Users\Beqisoft\.m2\repository\com\fasterxml\jackson\core\jackson-databind\2.11.0\jackson-databind-2.11.0.jar;C:\Users\Beqisoft\.m2\repository\com\fasterxml\jackson\core\jackson-annotations\2.11.0\jackson-annotations-2.11.0.jar;C:\Users\Beqisoft\.m2\repository\com\fasterxml\jackson\core\jackson-core\2.11.0\jackson-core-2.11.0.jar;C:\Users\Beqisoft\.m2\repository\com\github\java-json-tools\jackson-coreutils\2.0\jackson-coreutils-2.0.jar;C:\Users\Beqisoft\.m2\repository\com\github\java-json-tools\msg-simple\1.2\msg-simple-1.2.jar;C:\Users\Beqisoft\.m2\repository\com\github\java-json-tools\btf\1.3\btf-1.3.jar;C:\Users\Beqisoft\.m2\repository\com\github\java-json-tools\json-schema-core\1.2.14\json-schema-core-1.2.14.jar;C:\Users\Beqisoft\.m2\repository\com\github\java-json-tools\uri-template\0.10\uri-template-0.10.jar;C:\Users\Beqisoft\.m2\repository\org\mozilla\rhino\1.7.7.2\rhino-1.7.7.2.jar;C:\Users\Beqisoft\.m2\repository\com\sun\mail\mailapi\1.6.2\mailapi-1.6.2.jar;C:\Users\Beqisoft\.m2\repository\joda-time\joda-time\2.10.5\joda-time-2.10.5.jar;C:\Users\Beqisoft\.m2\repository\com\googlecode\libphonenumber\libphonenumber\8.11.1\libphonenumber-8.11.1.jar;C:\Users\Beqisoft\.m2\repository\com\google\code\findbugs\jsr305\3.0.2\jsr305-3.0.2.jar;C:\Users\Beqisoft\.m2\repository\net\sf\jopt-simple\jopt-simple\5.0.4\jopt-simple-5.0.4.jar;C:\Users\Beqisoft\.m2\repository\com\google\guava\guava\32.0.1-jre\guava-32.0.1-jre.jar;C:\Users\Beqisoft\.m2\repository\com\google\guava\failureaccess\1.0.1\failureaccess-1.0.1.jar;C:\Users\Beqisoft\.m2\repository\com\google\guava\listenablefuture\9999.0-empty-to-avoid-conflict-with-guava\listenablefuture-9999.0-empty-to-avoid-conflict-with-guava.jar;C:\Users\Beqisoft\.m2\repository\org\checkerframework\checker-qual\3.33.0\checker-qual-3.33.0.jar;C:\Users\Beqisoft\.m2\repository\com\google\j2objc\j2objc-annotations\2.8\j2objc-annotations-2.8.jar;C:\Users\Beqisoft\.m2\repository\org\apache\logging\log4j\log4j-core\2.24.0\log4j-core-2.24.0.jar;C:\Users\Beqisoft\.m2\repository\org\apache\logging\log4j\log4j-api\2.24.0\log4j-api-2.24.0.jar;C:\Users\Beqisoft\.m2\repository\org\apache\poi\poi\5.2.3\poi-5.2.3.jar;C:\Users\Beqisoft\.m2\repository\commons-codec\commons-codec\1.15\commons-codec-1.15.jar;C:\Users\Beqisoft\.m2\repository\org\apache\commons\commons-collections4\4.4\commons-collections4-4.4.jar;C:\Users\Beqisoft\.m2\repository\org\apache\commons\commons-math3\3.6.1\commons-math3-3.6.1.jar;C:\Users\Beqisoft\.m2\repository\commons-io\commons-io\2.11.0\commons-io-2.11.0.jar;C:\Users\Beqisoft\.m2\repository\com\zaxxer\SparseBitSet\1.2\SparseBitSet-1.2.jar;C:\Users\Beqisoft\.m2\repository\org\apache\poi\poi-ooxml\5.2.3\poi-ooxml-5.2.3.jar;C:\Users\Beqisoft\.m2\repository\org\apache\poi\poi-ooxml-lite\5.2.3\poi-ooxml-lite-5.2.3.jar;C:\Users\Beqisoft\.m2\repository\org\apache\xmlbeans\xmlbeans\5.1.1\xmlbeans-5.1.1.jar;C:\Users\Beqisoft\.m2\repository\org\apache\commons\commons-compress\1.21\commons-compress-1.21.jar;C:\Users\Beqisoft\.m2\repository\com\github\virtuald\curvesapi\1.07\curvesapi-1.07.jar;C:\Users\Beqisoft\.m2\repository\com\github\javafaker\javafaker\1.0.2\javafaker-1.0.2.jar;C:\Users\Beqisoft\.m2\repository\org\apache\commons\commons-lang3\3.5\commons-lang3-3.5.jar;C:\Users\Beqisoft\.m2\repository\org\yaml\snakeyaml\1.23\snakeyaml-1.23-android.jar;C:\Users\Beqisoft\.m2\repository\com\github\mifmif\generex\1.0.2\generex-1.0.2.jar;C:\Users\Beqisoft\.m2\repository\dk\brics\automaton\automaton\1.11-8\automaton-1.11-8.jar
Launcher Type: SUN_STANDARD

[Global flags]
     intx CICompilerCount                          = 4                                         {product} {ergonomic}
     uint ConcGCThreads                            = 2                                         {product} {ergonomic}
     uint G1ConcRefinementThreads                  = 8                                         {product} {ergonomic}
   size_t G1HeapRegionSize                         = 1048576                                   {product} {ergonomic}
    uintx GCDrainStackTargetSize                   = 64                                        {product} {ergonomic}
   size_t InitialHeapSize                          = 130023424                                 {product} {ergonomic}
   size_t MarkStackSize                            = 4194304                                   {product} {ergonomic}
   size_t MaxHeapSize                              = 2065694720                                {product} {ergonomic}
   size_t MinHeapDeltaBytes                        = 1048576                                   {product} {ergonomic}
   size_t MinHeapSize                              = 8388608                                   {product} {ergonomic}
    uintx NonNMethodCodeHeapSize                   = 5839372                                {pd product} {ergonomic}
    uintx NonProfiledCodeHeapSize                  = 122909434                              {pd product} {ergonomic}
    uintx ProfiledCodeHeapSize                     = 122909434                              {pd product} {ergonomic}
    uintx ReservedCodeCacheSize                    = 251658240                              {pd product} {ergonomic}
     bool SegmentedCodeCache                       = true                                      {product} {ergonomic}
   size_t SoftMaxHeapSize                          = 2065694720                             {manageable} {ergonomic}
     bool UseCompressedOops                        = true                           {product lp64_product} {ergonomic}
     bool UseG1GC                                  = true                                      {product} {ergonomic}
     bool UseLargePagesIndividualAllocation        = false                                  {pd product} {ergonomic}

Logging:
Log output configuration:
 #0: stdout all=warning uptime,level,tags foldmultilines=false
 #1: stderr all=off uptime,level,tags foldmultilines=false

Environment Variables:
JAVA_HOME=C:\Program Files\Java\jdk-19
PATH=C:\Program Files\Common Files\Oracle\Java\javapath;C:\WINDOWS\system32;C:\WINDOWS;C:\WINDOWS\System32\Wbem;C:\WINDOWS\System32\WindowsPowerShell\v1.0\;C:\WINDOWS\System32\OpenSSH\;C:\Program Files\apache-maven-3.9.0\bin;C:\Program Files\dotnet\;C:\Users\Beqisoft\AppData\Local\Programs\Python\Python311;C:\Users\Beqisoft\AppData\Local\Programs\Python\Python311\Scripts;C:\Program Files\Java\jdk-19\bin;C:\Program Files\Git\cmd;C:\Program Files\nodejs\;C:\Program Files\MySQL\MySQL Shell 8.0\bin\;C:\Users\Beqisoft\AppData\Local\Microsoft\WindowsApps;C:\Users\Beqisoft\AppData\Local\Programs\Python\Python311;C:\Users\Beqisoft\AppData\Local\Programs\Python\Python311\Scripts;C:\Program Files\platform-tools;C:\Users\Beqisoft\AppData\Local\Programs\Microsoft VS Code\bin;C:\Program Files\JetBrains\IntelliJ IDEA Community Edition 2024.3.4.1\bin;;C:\Users\Beqisoft\AppData\Roaming\npm
USERNAME=Beqisoft
OS=Windows_NT
PROCESSOR_IDENTIFIER=Intel64 Family 6 Model 140 Stepping 1, GenuineIntel
TMP=C:\Users\Beqisoft\AppData\Local\Temp
TEMP=C:\Users\Beqisoft\AppData\Local\Temp




---------------  S Y S T E M  ---------------

OS:
 Windows 11 , 64 bit Build 26100 (10.0.26100.7705)
OS uptime: 0 days 12:28 hours
Hyper-V role detected

CPU: total 8 (initial active 8) (4 cores per cpu, 2 threads per core) family 6 model 140 stepping 1 microcode 0xbe, cx8, cmov, fxsr, ht, mmx, 3dnowpref, sse, sse2, sse3, ssse3, sse4.1, sse4.2, popcnt, lzcnt, tsc, tscinvbit, avx, avx2, aes, erms, clmul, bmi1, bmi2, adx, avx512f, avx512dq, avx512cd, avx512bw, avx512vl, sha, fma, vzeroupper, avx512_vpopcntdq, avx512_vpclmulqdq, avx512_vaes, avx512_vnni, clflush, clflushopt, clwb, avx512_vbmi2, avx512_vbmi, hv, rdtscp, rdpid, fsrm, gfni, avx512_bitalg, f16c, cet_ibt, cet_ss, avx512_ifma
Processor Information for all 8 processors :
  Max Mhz: 2420, Current Mhz: 2420, Mhz Limit: 2420

Memory: 4k page, system-wide physical 7872M (488M free)
TotalPageFile size 32448M (AvailPageFile size 51M)
current process WorkingSet (physical memory assigned to process): 13M, peak: 13M
current process commit charge ("private bytes"): 60M, peak: 184M

vm_info: Java HotSpot(TM) 64-Bit Server VM (21+35-LTS-2513) for windows-amd64 JRE (21+35-LTS-2513), built on 2023-08-09T20:25:10Z by "mach5one" with MS VC++ 17.1 (VS2022)

END.
